中级法院匹配错误：32
基层法院匹配错误：112
7个省份完全匹配各层法院（不含专门法院），分别是北京市,天津市,内蒙古自治区,辽宁省,上海市,西藏自治区,宁夏回族自治区
24个省份无法完全匹配各层法院，分别是河北省,山西省,吉林省,黑龙江省,江苏省,浙江省,安徽省,福建省,江西省,山东省,河南省,湖北省,湖南省,广东省,广西壮族自治区,海南省,重庆市,四川省,贵州省,云南省,陕西省,甘肃省,青海省,新疆维吾尔自治区

济源市 中级法院匹配错误!————行政区域等级变更，匹配不到上级（河南省高级人民法院）
仙桃市 中级法院匹配错误!————行政区域等级变更，匹配不到上级（湖北省高级人民法院）
潜江市 中级法院匹配错误!————行政区域等级变更，匹配不到上级（湖北省高级人民法院）
天门市 中级法院匹配错误!————行政区域等级变更，匹配不到上级（湖北省高级人民法院）
神农架林区 中级法院匹配错误!————行政区域等级变更，匹配不到上级（湖北省高级人民法院）
儋州市 中级法院匹配错误!————行政区域等级变更，匹配不到上级（海南省高级人民法院）
五指山市 中级法院匹配错误!————行政区域等级变更，匹配不到上级（海南省高级人民法院）
琼海市 中级法院匹配错误!————行政区域等级变更，匹配不到上级（海南省高级人民法院）
文昌市 中级法院匹配错误!————行政区域等级变更，匹配不到上级（海南省高级人民法院）
万宁市 中级法院匹配错误!————行政区域等级变更，匹配不到上级（海南省高级人民法院）
东方市 中级法院匹配错误!————行政区域等级变更，匹配不到上级（海南省高级人民法院）
定安县 中级法院匹配错误!————行政区域等级变更，匹配不到上级（海南省高级人民法院）
屯昌县 中级法院匹配错误!————行政区域等级变更，匹配不到上级（海南省高级人民法院）
澄迈县 中级法院匹配错误!————行政区域等级变更，匹配不到上级（海南省高级人民法院）
临高县 中级法院匹配错误!————行政区域等级变更，匹配不到上级（海南省高级人民法院）
白沙黎族 中级法院匹配错误!————行政区域等级变更，匹配不到上级（海南省高级人民法院）
昌江黎族 中级法院匹配错误!————行政区域等级变更，匹配不到上级（海南省高级人民法院）
乐东黎族 中级法院匹配错误!————行政区域等级变更，匹配不到上级（海南省高级人民法院）
陵水黎族 中级法院匹配错误!————行政区域等级变更，匹配不到上级（海南省高级人民法院）
保亭黎族苗族 中级法院匹配错误!————行政区域等级变更，匹配不到上级（海南省高级人民法院）
琼中黎族苗族 中级法院匹配错误!————行政区域等级变更，匹配不到上级（海南省高级人民法院）
友好区 基层法院匹配错误!————存在多个匹配法院，请人工甄别！(伊春市友好区人民法院,伊春市友好区人民法院)
嫩江市 基层法院匹配错误!————行政区域等级变更，匹配不到上级（黑龙江省黑河市中级人民法院）
漠河市 基层法院匹配错误!————行政区域等级变更，匹配不到上级（黑龙江省大兴安岭地区中级人民法院）
海门区 基层法院匹配错误!————行政区域等级变更，匹配不到上级（江苏省南通市中级人民法院）
海安市 基层法院匹配错误!————行政区域等级变更，匹配不到上级（江苏省南通市中级人民法院）
湾沚区 基层法院匹配错误!————行政区域等级变更，匹配不到上级（安徽省芜湖市中级人民法院）
繁昌区 基层法院匹配错误!————行政区域等级变更，匹配不到上级（安徽省芜湖市中级人民法院）
无为市 基层法院匹配错误!————行政区域等级变更，匹配不到上级（安徽省芜湖市中级人民法院）
潜山市 基层法院匹配错误!————行政区域等级变更，匹配不到上级（安徽省安庆市中级人民法院）
广德市 基层法院匹配错误!————行政区域等级变更，匹配不到上级（安徽省宣城市中级人民法院）
蓬莱区 基层法院匹配错误!————行政区域等级变更，匹配不到上级（山东省烟台市中级人民法院）
茌平区 基层法院匹配错误!————行政区域等级变更，匹配不到上级（山东省聊城市中级人民法院）
伊犁哈萨克自治州 中级法院匹配错误!————存在多个匹配法院，请人工甄别！(新疆维吾尔自治区伊犁哈萨克自治州塔城地区中级人民法院,新疆维吾尔自治区伊犁哈萨克自治州阿勒泰地区中级人民法院)
石河子市 中级法院匹配错误!————行政区域等级变更，匹配不到上级（新疆维吾尔自治区高级人民法院）
阿拉尔市 中级法院匹配错误!————行政区域等级变更，匹配不到上级（新疆维吾尔自治区高级人民法院）
图木舒克市 中级法院匹配错误!————行政区域等级变更，匹配不到上级（新疆维吾尔自治区高级人民法院）
五家渠市 中级法院匹配错误!————行政区域等级变更，匹配不到上级（新疆维吾尔自治区高级人民法院）
北屯市 中级法院匹配错误!————行政区域等级变更，匹配不到上级（新疆维吾尔自治区高级人民法院）
铁门关市 中级法院匹配错误!————行政区域等级变更，匹配不到上级（新疆维吾尔自治区高级人民法院）
双河市 中级法院匹配错误!————行政区域等级变更，匹配不到上级（新疆维吾尔自治区高级人民法院）
可克达拉市 中级法院匹配错误!————行政区域等级变更，匹配不到上级（新疆维吾尔自治区高级人民法院）
昆玉市 中级法院匹配错误!————行政区域等级变更，匹配不到上级（新疆维吾尔自治区高级人民法院）
胡杨河市 中级法院匹配错误!————行政区域等级变更，匹配不到上级（新疆维吾尔自治区高级人民法院）
滦州市 基层法院匹配错误!————行政区域等级变更，匹配不到上级（河北省唐山市中级人民法院）
襄都区 基层法院匹配错误!————行政区域等级变更，匹配不到上级（河北省邢台市中级人民法院）
信都区 基层法院匹配错误!————行政区域等级变更，匹配不到上级（河北省邢台市中级人民法院）
任泽区 基层法院匹配错误!————行政区域等级变更，匹配不到上级（河北省邢台市中级人民法院）
南和区 基层法院匹配错误!————行政区域等级变更，匹配不到上级（河北省邢台市中级人民法院）
容城县 基层法院匹配错误!————行政区域等级变更，匹配不到上级（河北省保定市中级人民法院）
安新县 基层法院匹配错误!————行政区域等级变更，匹配不到上级（河北省保定市中级人民法院）
雄县 基层法院匹配错误!————行政区域等级变更，匹配不到上级（河北省保定市中级人民法院）
平泉市 基层法院匹配错误!————行政区域等级变更，匹配不到上级（河北省承德市中级人民法院）
长垣市 基层法院匹配错误!————行政区域等级变更，匹配不到上级（河南省新乡市中级人民法院）
济源市 基层法院匹配错误!————直辖市、县，无法自动匹配所属中院
红谷滩区 基层法院匹配错误!————行政区域等级变更，匹配不到上级（江西省南昌市中级人民法院）
公主岭市 基层法院匹配错误!————行政区域等级变更，匹配不到上级（吉林省长春市中级人民法院）
仙桃市 基层法院匹配错误!————直辖市、县，无法自动匹配所属中院
潜江市 基层法院匹配错误!————直辖市、县，无法自动匹配所属中院
天门市 基层法院匹配错误!————直辖市、县，无法自动匹配所属中院
神农架林区 基层法院匹配错误!————直辖市、县，无法自动匹配所属中院
玉环市 基层法院匹配错误!————行政区域等级变更，匹配不到上级（浙江省台州市中级人民法院）
西沙区 基层法院匹配错误!————行政区域等级变更，匹配不到上级（海南省三沙市中级人民法院）
南沙区 基层法院匹配错误!————行政区域等级变更，匹配不到上级（海南省三沙市中级人民法院）
海棠区 基层法院匹配错误!————行政区域等级变更，匹配不到上级（海南省三亚市中级人民法院）
吉阳区 基层法院匹配错误!————行政区域等级变更，匹配不到上级（海南省三亚市中级人民法院）
天涯区 基层法院匹配错误!————行政区域等级变更，匹配不到上级（海南省三亚市中级人民法院）
崖州区 基层法院匹配错误!————行政区域等级变更，匹配不到上级（海南省三亚市中级人民法院）
五指山市 基层法院匹配错误!————直辖市、县，无法自动匹配所属中院
儋州市 基层法院匹配错误!————直辖市、县，无法自动匹配所属中院
琼海市 基层法院匹配错误!————直辖市、县，无法自动匹配所属中院
文昌市 基层法院匹配错误!————直辖市、县，无法自动匹配所属中院
万宁市 基层法院匹配错误!————直辖市、县，无法自动匹配所属中院
定安县 基层法院匹配错误!————直辖市、县，无法自动匹配所属中院
东方市 基层法院匹配错误!————直辖市、县，无法自动匹配所属中院
屯昌县 基层法院匹配错误!————直辖市、县，无法自动匹配所属中院
临高县 基层法院匹配错误!————直辖市、县，无法自动匹配所属中院
澄迈县 基层法院匹配错误!————直辖市、县，无法自动匹配所属中院
白沙黎族 基层法院匹配错误!————直辖市、县，无法自动匹配所属中院
乐东黎族 基层法院匹配错误!————直辖市、县，无法自动匹配所属中院
陵水黎族 基层法院匹配错误!————直辖市、县，无法自动匹配所属中院
昌江黎族 基层法院匹配错误!————直辖市、县，无法自动匹配所属中院
保亭黎族苗族 基层法院匹配错误!————直辖市、县，无法自动匹配所属中院
琼中黎族苗族 基层法院匹配错误!————直辖市、县，无法自动匹配所属中院
东莞市 基层法院匹配错误!————存在多个匹配法院，请人工甄别！(东莞市第一人民法院,东莞市第二人民法院,东莞市第三人民法院)
中山市 基层法院匹配错误!————存在多个匹配法院，请人工甄别！(中山市第一人民法院,中山市第二人民法院)
渌口区 基层法院匹配错误!————行政区域等级变更，匹配不到上级（湖南省株洲市中级人民法院）
金门县 基层法院匹配错误!————行政区域等级变更，匹配不到上级（福建省泉州市中级人民法院）
怀仁市 基层法院匹配错误!————行政区域等级变更，匹配不到上级（山西省朔州市中级人民法院）
罗江区 基层法院匹配错误!————行政区域等级变更，匹配不到上级（四川省德阳市中级人民法院）
射洪市 基层法院匹配错误!————行政区域等级变更，匹配不到上级（四川省遂宁市中级人民法院）
泸水市 基层法院匹配错误!————行政区域等级变更，匹配不到上级（云南省怒江傈僳族自治州中级人民法院）
水城区 基层法院匹配错误!————行政区域等级变更，匹配不到上级（贵州省六盘水市中级人民法院）
东乡族 基层法院匹配错误!————存在多个匹配法院，请人工甄别！(东乡族自治县人民法院,积石山保安族东乡族撒拉族自治县人民法院)
石河子市 基层法院匹配错误!————直辖市、县，无法自动匹配所属中院
阿拉尔市 基层法院匹配错误!————直辖市、县，无法自动匹配所属中院
图木舒克市 基层法院匹配错误!————直辖市、县，无法自动匹配所属中院
五家渠市 基层法院匹配错误!————直辖市、县，无法自动匹配所属中院
北屯市 基层法院匹配错误!————直辖市、县，无法自动匹配所属中院
库车市 基层法院匹配错误!————行政区域等级变更，匹配不到上级（新疆维吾尔自治区阿克苏地区中级人民法院）
铁门关市 基层法院匹配错误!————直辖市、县，无法自动匹配所属中院
双河市 基层法院匹配错误!————直辖市、县，无法自动匹配所属中院
昆玉市 基层法院匹配错误!————直辖市、县，无法自动匹配所属中院
湟中区 基层法院匹配错误!————行政区域等级变更，匹配不到上级（青海省西宁市中级人民法院）
同仁市 基层法院匹配错误!————行政区域等级变更，匹配不到上级（青海省黄南藏族自治州中级人民法院）
茫崖市 基层法院匹配错误!————行政区域等级变更，匹配不到上级（青海省海西蒙古族藏族自治州中级人民法院）
海西蒙古族藏族自治州直辖 基层法院匹配错误!————行政区域等级变更，匹配不到上级（青海省海西蒙古族藏族自治州中级人民法院）
淮阳区 基层法院匹配错误!————行政区域等级变更，匹配不到上级（河南省周口市中级人民法院）
龙南市 基层法院匹配错误!————行政区域等级变更，匹配不到上级（江西省赣州市中级人民法院）
广信区 基层法院匹配错误!————行政区域等级变更，匹配不到上级（江西省上饶市中级人民法院）
京山市 基层法院匹配错误!————行政区域等级变更，匹配不到上级（湖北省荆门市中级人民法院）
监利市 基层法院匹配错误!————行政区域等级变更，匹配不到上级（湖北省荆州市中级人民法院）
宁乡市 基层法院匹配错误!————行政区域等级变更，匹配不到上级（湖南省长沙市中级人民法院）
邵东市 基层法院匹配错误!————行政区域等级变更，匹配不到上级（湖南省邵阳市中级人民法院）
澧县 基层法院匹配错误!————存在多个匹配法院，请人工甄别！(澧县人民法院,临澧县人民法院)
太谷区 基层法院匹配错误!————行政区域等级变更，匹配不到上级（山西省晋中市中级人民法院）
梁平区 基层法院匹配错误!————行政区域等级变更，匹配不到上级（重庆市高级人民法院）
武隆区 基层法院匹配错误!————行政区域等级变更，匹配不到上级（重庆市高级人民法院）
荔浦市 基层法院匹配错误!————行政区域等级变更，匹配不到上级（广西壮族自治区桂林市中级人民法院）
田阳区 基层法院匹配错误!————行政区域等级变更，匹配不到上级（广西壮族自治区百色市中级人民法院）
平果市 基层法院匹配错误!————行政区域等级变更，匹配不到上级（广西壮族自治区百色市中级人民法院）
绛县 基层法院匹配错误!————存在多个匹配法院，请人工甄别！(新绛县人民法院,绛县人民法院)
郫都区 基层法院匹配错误!————行政区域等级变更，匹配不到上级（四川省成都市中级人民法院）
新津区 基层法院匹配错误!————行政区域等级变更，匹配不到上级（四川省成都市中级人民法院）
叙州区 基层法院匹配错误!————行政区域等级变更，匹配不到上级（四川省宜宾市中级人民法院）
晋宁区 基层法院匹配错误!————行政区域等级变更，匹配不到上级（云南省昆明市中级人民法院）
马龙区 基层法院匹配错误!————行政区域等级变更，匹配不到上级（云南省曲靖市中级人民法院）
澄江市 基层法院匹配错误!————行政区域等级变更，匹配不到上级（云南省玉溪市中级人民法院）
水富市 基层法院匹配错误!————行政区域等级变更，匹配不到上级（云南省昭通市中级人民法院）
子长市 基层法院匹配错误!————行政区域等级变更，匹配不到上级（陕西省延安市中级人民法院）
华亭市 基层法院匹配错误!————行政区域等级变更，匹配不到上级（甘肃省平凉市中级人民法院）
宁县 基层法院匹配错误!————存在多个匹配法院，请人工甄别！(正宁县人民法院,宁县人民法院)
伊宁市 基层法院匹配错误!————直辖市、县，无法自动匹配所属中院
奎屯市 基层法院匹配错误!————直辖市、县，无法自动匹配所属中院
霍尔果斯市 基层法院匹配错误!————直辖市、县，无法自动匹配所属中院
伊宁县 基层法院匹配错误!————直辖市、县，无法自动匹配所属中院
察布查尔锡伯 基层法院匹配错误!————直辖市、县，无法自动匹配所属中院
霍城县 基层法院匹配错误!————直辖市、县，无法自动匹配所属中院
巩留县 基层法院匹配错误!————直辖市、县，无法自动匹配所属中院
新源县 基层法院匹配错误!————直辖市、县，无法自动匹配所属中院
昭苏县 基层法院匹配错误!————直辖市、县，无法自动匹配所属中院
特克斯县 基层法院匹配错误!————直辖市、县，无法自动匹配所属中院
尼勒克县 基层法院匹配错误!————直辖市、县，无法自动匹配所属中院
可克达拉市 基层法院匹配错误!————直辖市、县，无法自动匹配所属中院